app/build/intermediates/manifest_merge_blame_file/debug/manifest-merger-blame-debug-report.txt
1<?xml version="1.0" encoding="utf-8"?>
2<manifest xmlns:android="http://schemas.android.com/apk/res/android"
3    package="com.gdscsc.mybaby"
4    android:versionCode="1"
5    android:versionName="1.0" >
6
7    <uses-sdk
8        android:minSdkVersion="26"
8-->src/main/AndroidManifest.xml
9        android:targetSdkVersion="33" />
9-->src/main/AndroidManifest.xml
10
11    <permission
11-->[androidx.core:core:1.9.0] AndroidManifest.xml:22:5-24:47
12        android:name="com.gdscsc.mybaby.DYNAMIC_RECEIVER_NOT_EXPORTED_PERMISSION"
12-->[androidx.core:core:1.9.0] AndroidManifest.xml:23:9-81
13        android:protectionLevel="signature" />
13-->[androidx.core:core:1.9.0] AndroidManifest.xml:24:9-44
14
15    <uses-permission android:name="com.gdscsc.mybaby.DYNAMIC_RECEIVER_NOT_EXPORTED_PERMISSION" />
15-->[androidx.core:core:1.9.0] AndroidManifest.xml:26:5-97
15-->[androidx.core:core:1.9.0] AndroidManifest.xml:26:22-94
16
17    <application
17-->src/main/AndroidManifest.xml:5:5-33:19
18        android:allowBackup="true"
18-->src/main/AndroidManifest.xml:6:9-35
19        android:appComponentFactory="androidx.core.app.CoreComponentFactory"
19-->[androidx.core:core:1.9.0] AndroidManifest.xml:28:18-86
20        android:dataExtractionRules="@xml/data_extraction_rules"
20-->src/main/AndroidManifest.xml:7:9-65
21        android:debuggable="true"
22        android:extractNativeLibs="false"
23        android:fullBackupContent="@xml/backup_rules"
23-->src/main/AndroidManifest.xml:8:9-54
24        android:icon="@mipmap/ic_launcher"
24-->src/main/AndroidManifest.xml:9:9-43
25        android:label="@string/app_name"
25-->src/main/AndroidManifest.xml:10:9-41
26        android:supportsRtl="true"
26-->src/main/AndroidManifest.xml:11:9-35
27        android:testOnly="true"
28        android:theme="@style/Theme.MyBaby" >
28-->src/main/AndroidManifest.xml:12:9-44
29        <activity
29-->src/main/AndroidManifest.xml:14:9-22:20
30            android:name="com.gdscsc.mybaby.RegisterBabyActivity"
30-->src/main/AndroidManifest.xml:15:13-49
31            android:exported="true" >
31-->src/main/AndroidManifest.xml:16:13-36
32
33            <!-- <intent-filter> -->
34            <!-- <action android:name="android.intent.action.MAIN" /> -->
35
36
37            <!-- <category android:name="android.intent.category.LAUNCHER" /> -->
38            <!-- </intent-filter> -->
39        </activity>
40        <activity
40-->src/main/AndroidManifest.xml:23:9-32:20
41            android:name="com.gdscsc.mybaby.MainActivity"
41-->src/main/AndroidManifest.xml:24:13-41
42            android:exported="true"
42-->src/main/AndroidManifest.xml:25:13-36
43            android:label="@string/app_name" >
43-->src/main/AndroidManifest.xml:26:13-45
44            <intent-filter>
44-->src/main/AndroidManifest.xml:27:13-31:29
45                <action android:name="android.intent.action.MAIN" />
45-->src/main/AndroidManifest.xml:28:17-69
45-->src/main/AndroidManifest.xml:28:25-66
46
47                <category android:name="android.intent.category.LAUNCHER" />
47-->src/main/AndroidManifest.xml:30:17-77
47-->src/main/AndroidManifest.xml:30:27-74
48            </intent-filter>
49        </activity>
50
51        <uses-library
51-->[androidx.window:window:1.0.0] AndroidManifest.xml:25:9-27:40
52            android:name="androidx.window.extensions"
52-->[androidx.window:window:1.0.0] AndroidManifest.xml:26:13-54
53            android:required="false" />
53-->[androidx.window:window:1.0.0] AndroidManifest.xml:27:13-37
54        <uses-library
54-->[androidx.window:window:1.0.0] AndroidManifest.xml:28:9-30:40
55            android:name="androidx.window.sidecar"
55-->[androidx.window:window:1.0.0] AndroidManifest.xml:29:13-51
56            android:required="false" />
56-->[androidx.window:window:1.0.0] AndroidManifest.xml:30:13-37
57
58        <provider
58-->[androidx.emoji2:emoji2:1.2.0] AndroidManifest.xml:24:9-32:20
59            android:name="androidx.startup.InitializationProvider"
59-->[androidx.emoji2:emoji2:1.2.0] AndroidManifest.xml:25:13-67
60            android:authorities="com.gdscsc.mybaby.androidx-startup"
60-->[androidx.emoji2:emoji2:1.2.0] AndroidManifest.xml:26:13-68
61            android:exported="false" >
61-->[androidx.emoji2:emoji2:1.2.0] AndroidManifest.xml:27:13-37
62            <meta-data
62-->[androidx.emoji2:emoji2:1.2.0] AndroidManifest.xml:29:13-31:52
63                android:name="androidx.emoji2.text.EmojiCompatInitializer"
63-->[androidx.emoji2:emoji2:1.2.0] AndroidManifest.xml:30:17-75
64                android:value="androidx.startup" />
64-->[androidx.emoji2:emoji2:1.2.0] AndroidManifest.xml:31:17-49
65            <meta-data
65-->[androidx.lifecycle:lifecycle-process:2.4.1] AndroidManifest.xml:31:13-33:52
66                android:name="androidx.lifecycle.ProcessLifecycleInitializer"
66-->[androidx.lifecycle:lifecycle-process:2.4.1] AndroidManifest.xml:32:17-78
67                android:value="androidx.startup" />
67-->[androidx.lifecycle:lifecycle-process:2.4.1] AndroidManifest.xml:33:17-49
68        </provider>
69    </application>
70
71</manifest>